<?xml version="1.0" encoding="UTF-8"?>
<!-- Generated by org.testng.reporters.JUnitReportReporter -->
<testsuite skipped="0" hostname="DESKTOP-6DIBS4R" name="com.qa.hs.keyword.test.LoginTest" tests="1" failures="0" timestamp="22 Mar 2019 22:48:51 GMT" time="16.891" errors="0">
  <testcase name="loginTest" time="16.891" classname="com.qa.hs.keyword.test.LoginTest"/>
</testsuite> <!-- com.qa.hs.keyword.test.LoginTest -->
